<?xml version="1.0" encoding="UTF-8" standalone="no"?>
<!DOCTYPE log SYSTEM "logger.dtd">
<log>
<record>
  <date>2020-06-02T20:26:10</date>
  <millis>1591118770192</millis>
  <sequence>0</sequence>
  <logger>Server</logger>
  <level>FINE</level>
  <class>Server</class>
  <method>process</method>
  <thread>1</thread>
  <message>Ожидание команды от клиента</message>
</record>
<record>
  <date>2020-06-02T20:26:31</date>
  <millis>1591118791626</millis>
  <sequence>1</sequence>
  <logger>Server</logger>
  <level>INFO</level>
  <class>Server</class>
  <method>process</method>
  <thread>1</thread>
  <message>Данные клиента: 
Имя комманды: info
Параметр: null
Музыкальная группа: null</message>
</record>
<record>
  <date>2020-06-02T20:26:31</date>
  <millis>1591118791633</millis>
  <sequence>2</sequence>
  <logger>Server</logger>
  <level>FINE</level>
  <class>Server</class>
  <method>process</method>
  <thread>1</thread>
  <message>Ожидание команды от клиента</message>
</record>
<record>
  <date>2020-06-02T20:26:59</date>
  <millis>1591118819457</millis>
  <sequence>3</sequence>
  <logger>Server</logger>
  <level>INFO</level>
  <class>Server</class>
  <method>process</method>
  <thread>1</thread>
  <message>Данные клиента: 
Имя комманды: add
Параметр: null
Музыкальная группа: null</message>
</record>
<record>
  <date>2020-06-02T20:26:59</date>
  <millis>1591118819462</millis>
  <sequence>4</sequence>
  <logger>Server</logger>
  <level>FINE</level>
  <class>Server</class>
  <method>process</method>
  <thread>1</thread>
  <message>Ожидание команды от клиента</message>
</record>
<record>
  <date>2020-06-03T15:01:24</date>
  <millis>1591185684881</millis>
  <sequence>5</sequence>
  <logger>Server</logger>
  <level>INFO</level>
  <class>Server</class>
  <method>process</method>
  <thread>1</thread>
  <message>Данные клиента: 
Имя комманды: info
Параметр: null
Музыкальная группа: null</message>
</record>
<record>
  <date>2020-06-03T15:01:24</date>
  <millis>1591185684940</millis>
  <sequence>6</sequence>
  <logger>Server</logger>
  <level>FINE</level>
  <class>Server</class>
  <method>process</method>
  <thread>1</thread>
  <message>Ожидание команды от клиента</message>
</record>
<record>
  <date>2020-06-03T15:01:39</date>
  <millis>1591185699355</millis>
  <sequence>7</sequence>
  <logger>Server</logger>
  <level>INFO</level>
  <class>Server</class>
  <method>process</method>
  <thread>1</thread>
  <message>Данные клиента: 
Имя комманды: show
Параметр: null
Музыкальная группа: null</message>
</record>
<record>
  <date>2020-06-03T15:01:39</date>
  <millis>1591185699422</millis>
  <sequence>8</sequence>
  <logger>Server</logger>
  <level>FINE</level>
  <class>Server</class>
  <method>process</method>
  <thread>1</thread>
  <message>Ожидание команды от клиента</message>
</record>
