<?xml version="1.0" encoding="UTF-8" standalone="no"?>
<!DOCTYPE log SYSTEM "logger.dtd">
<log>
<record>
  <date>2020-06-25T01:02:17</date>
  <millis>1593036137581</millis>
  <sequence>0</sequence>
  <logger>Server</logger>
  <level>FINE</level>
  <class>Server</class>
  <method>process</method>
  <thread>1</thread>
  <message>Ожидание команды от клиента</message>
</record>
<record>
  <date>2020-06-25T01:07:12</date>
  <millis>1593036432943</millis>
  <sequence>1</sequence>
  <logger>Server</logger>
  <level>INFO</level>
  <class>Server</class>
  <method>process</method>
  <thread>1</thread>
  <message>Данные клиента: 
Имя комманды: login
Параметр: q q

Билет: null</message>
</record>
<record>
  <date>2020-06-25T01:07:12</date>
  <millis>1593036432966</millis>
  <sequence>2</sequence>
  <logger>Server</logger>
  <level>FINE</level>
  <class>Server</class>
  <method>process</method>
  <thread>1</thread>
  <message>Ожидание команды от клиента</message>
</record>
<record>
  <date>2020-06-25T01:07:22</date>
  <millis>1593036442356</millis>
  <sequence>3</sequence>
  <logger>Server</logger>
  <level>INFO</level>
  <class>Server</class>
  <method>process</method>
  <thread>1</thread>
  <message>Данные клиента: 
Имя комманды: info
Параметр: null
Билет: null</message>
</record>
<record>
  <date>2020-06-25T01:07:22</date>
  <millis>1593036442357</millis>
  <sequence>4</sequence>
  <logger>Server</logger>
  <level>FINE</level>
  <class>Server</class>
  <method>process</method>
  <thread>1</thread>
  <message>Ожидание команды от клиента</message>
</record>
<record>
  <date>2020-06-25T01:07:46</date>
  <millis>1593036466645</millis>
  <sequence>5</sequence>
  <logger>Server</logger>
  <level>INFO</level>
  <class>Server</class>
  <method>process</method>
  <thread>1</thread>
  <message>Данные клиента: 
Имя комманды: 
Параметр: null
Билет: null</message>
</record>
<record>
  <date>2020-06-25T01:07:46</date>
  <millis>1593036466647</millis>
  <sequence>6</sequence>
  <logger>Server</logger>
  <level>FINE</level>
  <class>Server</class>
  <method>process</method>
  <thread>1</thread>
  <message>Ожидание команды от клиента</message>
</record>
<record>
  <date>2020-06-25T01:07:46</date>
  <millis>1593036466648</millis>
  <sequence>7</sequence>
  <logger>Server</logger>
  <level>INFO</level>
  <class>Server</class>
  <method>process</method>
  <thread>1</thread>
  <message>Данные клиента: 
Имя комманды: show
Параметр: null
Билет: null</message>
</record>
<record>
  <date>2020-06-25T01:07:46</date>
  <millis>1593036466656</millis>
  <sequence>8</sequence>
  <logger>Server</logger>
  <level>FINE</level>
  <class>Server</class>
  <method>process</method>
  <thread>1</thread>
  <message>Ожидание команды от клиента</message>
</record>
<record>
  <date>2020-06-25T01:07:55</date>
  <millis>1593036475594</millis>
  <sequence>9</sequence>
  <logger>Server</logger>
  <level>INFO</level>
  <class>Server</class>
  <method>process</method>
  <thread>1</thread>
  <message>Данные клиента: 
Имя комманды: history
Параметр: null
Билет: null</message>
</record>
<record>
  <date>2020-06-25T01:07:55</date>
  <millis>1593036475599</millis>
  <sequence>10</sequence>
  <logger>Server</logger>
  <level>FINE</level>
  <class>Server</class>
  <method>process</method>
  <thread>1</thread>
  <message>Ожидание команды от клиента</message>
</record>
