<?xml version="1.0" encoding="UTF-8" standalone="no"?>
<!DOCTYPE log SYSTEM "logger.dtd">
<log>
<record>
  <date>2020-07-27T13:56:49</date>
  <millis>1595847409941</millis>
  <sequence>0</sequence>
  <logger>Server</logger>
  <level>FINE</level>
  <class>Server</class>
  <method>process</method>
  <thread>1</thread>
  <message>Ожидание команды от клиента</message>
</record>
<record>
  <date>2020-07-27T14:00:43</date>
  <millis>1595847643840</millis>
  <sequence>1</sequence>
  <logger>Server</logger>
  <level>INFO</level>
  <class>Server</class>
  <method>process</method>
  <thread>1</thread>
  <message>Данные клиента: 
Имя комманды: register
Параметр: qq qq

Билет: null</message>
</record>
<record>
  <date>2020-07-27T14:00:43</date>
  <millis>1595847643874</millis>
  <sequence>2</sequence>
  <logger>Server</logger>
  <level>FINE</level>
  <class>Server</class>
  <method>process</method>
  <thread>1</thread>
  <message>Ожидание команды от клиента</message>
</record>
<record>
  <date>2020-07-27T14:00:46</date>
  <millis>1595847646723</millis>
  <sequence>3</sequence>
  <logger>Server</logger>
  <level>INFO</level>
  <class>Server</class>
  <method>process</method>
  <thread>1</thread>
  <message>Данные клиента: 
Имя комманды: register
Параметр: qqq qq

Билет: null</message>
</record>
<record>
  <date>2020-07-27T14:00:46</date>
  <millis>1595847646729</millis>
  <sequence>4</sequence>
  <logger>Server</logger>
  <level>FINE</level>
  <class>Server</class>
  <method>process</method>
  <thread>1</thread>
  <message>Ожидание команды от клиента</message>
</record>
<record>
  <date>2020-07-27T14:01:43</date>
  <millis>1595847703489</millis>
  <sequence>5</sequence>
  <logger>Server</logger>
  <level>INFO</level>
  <class>Server</class>
  <method>process</method>
  <thread>1</thread>
  <message>Данные клиента: 
Имя комманды: register
Параметр: qqqqqqq qq

Билет: null</message>
</record>
<record>
  <date>2020-07-27T14:01:43</date>
  <millis>1595847703896</millis>
  <sequence>6</sequence>
  <logger>Server</logger>
  <level>FINE</level>
  <class>Server</class>
  <method>process</method>
  <thread>1</thread>
  <message>Ожидание команды от клиента</message>
</record>
<record>
  <date>2020-07-27T14:03:22</date>
  <millis>1595847802757</millis>
  <sequence>7</sequence>
  <logger>Server</logger>
  <level>INFO</level>
  <class>Server</class>
  <method>process</method>
  <thread>1</thread>
  <message>Данные клиента: 
Имя комманды: register
Параметр: qwww w

Билет: null</message>
</record>
<record>
  <date>2020-07-27T14:03:22</date>
  <millis>1595847802760</millis>
  <sequence>8</sequence>
  <logger>Server</logger>
  <level>FINE</level>
  <class>Server</class>
  <method>process</method>
  <thread>1</thread>
  <message>Ожидание команды от клиента</message>
</record>
<record>
  <date>2020-07-27T14:04:19</date>
  <millis>1595847859796</millis>
  <sequence>9</sequence>
  <logger>Server</logger>
  <level>INFO</level>
  <class>Server</class>
  <method>process</method>
  <thread>1</thread>
  <message>Данные клиента: 
Имя комманды: register
Параметр: aaa aa

Билет: null</message>
</record>
<record>
  <date>2020-07-27T14:04:19</date>
  <millis>1595847859816</millis>
  <sequence>10</sequence>
  <logger>Server</logger>
  <level>FINE</level>
  <class>Server</class>
  <method>process</method>
  <thread>1</thread>
  <message>Ожидание команды от клиента</message>
</record>
<record>
  <date>2020-07-27T14:04:29</date>
  <millis>1595847869580</millis>
  <sequence>11</sequence>
  <logger>Server</logger>
  <level>INFO</level>
  <class>Server</class>
  <method>process</method>
  <thread>1</thread>
  <message>Данные клиента: 
Имя комманды: register
Параметр: aaar aa

Билет: null</message>
</record>
<record>
  <date>2020-07-27T14:04:29</date>
  <millis>1595847869590</millis>
  <sequence>12</sequence>
  <logger>Server</logger>
  <level>FINE</level>
  <class>Server</class>
  <method>process</method>
  <thread>1</thread>
  <message>Ожидание команды от клиента</message>
</record>
<record>
  <date>2020-07-27T14:04:37</date>
  <millis>1595847877211</millis>
  <sequence>13</sequence>
  <logger>Server</logger>
  <level>INFO</level>
  <class>Server</class>
  <method>process</method>
  <thread>1</thread>
  <message>Данные клиента: 
Имя комманды: login
Параметр: aaar aa

Билет: null</message>
</record>
<record>
  <date>2020-07-27T14:04:37</date>
  <millis>1595847877212</millis>
  <sequence>14</sequence>
  <logger>Server</logger>
  <level>FINE</level>
  <class>Server</class>
  <method>process</method>
  <thread>1</thread>
  <message>Ожидание команды от клиента</message>
</record>
<record>
  <date>2020-07-27T14:10:12</date>
  <millis>1595848212444</millis>
  <sequence>15</sequence>
  <logger>Server</logger>
  <level>INFO</level>
  <class>Server</class>
  <method>process</method>
  <thread>1</thread>
  <message>Данные клиента: 
Имя комманды: login
Параметр: qq qq

Билет: null</message>
</record>
<record>
  <date>2020-07-27T14:10:12</date>
  <millis>1595848212445</millis>
  <sequence>16</sequence>
  <logger>Server</logger>
  <level>FINE</level>
  <class>Server</class>
  <method>process</method>
  <thread>1</thread>
  <message>Ожидание команды от клиента</message>
</record>
<record>
  <date>2020-07-27T14:59:20</date>
  <millis>1595851160633</millis>
  <sequence>17</sequence>
  <logger>Server</logger>
  <level>INFO</level>
  <class>Server</class>
  <method>process</method>
  <thread>1</thread>
  <message>Данные клиента: 
Имя комманды: 
Параметр: null
Билет: null</message>
</record>
<record>
  <date>2020-07-27T14:59:20</date>
  <millis>1595851160637</millis>
  <sequence>18</sequence>
  <logger>Server</logger>
  <level>FINE</level>
  <class>Server</class>
  <method>process</method>
  <thread>1</thread>
  <message>Ожидание команды от клиента</message>
</record>
<record>
  <date>2020-07-27T14:59:21</date>
  <millis>1595851161987</millis>
  <sequence>19</sequence>
  <logger>Server</logger>
  <level>INFO</level>
  <class>Server</class>
  <method>process</method>
  <thread>1</thread>
  <message>Данные клиента: 
Имя комманды: 
Параметр: null
Билет: null</message>
</record>
<record>
  <date>2020-07-27T14:59:21</date>
  <millis>1595851161987</millis>
  <sequence>20</sequence>
  <logger>Server</logger>
  <level>FINE</level>
  <class>Server</class>
  <method>process</method>
  <thread>1</thread>
  <message>Ожидание команды от клиента</message>
</record>
<record>
  <date>2020-07-27T14:59:26</date>
  <millis>1595851166820</millis>
  <sequence>21</sequence>
  <logger>Server</logger>
  <level>INFO</level>
  <class>Server</class>
  <method>process</method>
  <thread>1</thread>
  <message>Данные клиента: 
Имя комманды: show
Параметр: null
Билет: null</message>
</record>
<record>
  <date>2020-07-27T14:59:26</date>
  <millis>1595851166840</millis>
  <sequence>22</sequence>
  <logger>Server</logger>
  <level>FINE</level>
  <class>Server</class>
  <method>process</method>
  <thread>1</thread>
  <message>Ожидание команды от клиента</message>
</record>
<record>
  <date>2020-07-27T15:21:38</date>
  <millis>1595852498245</millis>
  <sequence>23</sequence>
  <logger>Server</logger>
  <level>INFO</level>
  <class>Server</class>
  <method>process</method>
  <thread>1</thread>
  <message>Данные клиента: 
Имя комманды: login
Параметр: 1 111

Билет: null</message>
</record>
<record>
  <date>2020-07-27T15:21:38</date>
  <millis>1595852498250</millis>
  <sequence>24</sequence>
  <logger>Server</logger>
  <level>FINE</level>
  <class>Server</class>
  <method>process</method>
  <thread>1</thread>
  <message>Ожидание команды от клиента</message>
</record>
<record>
  <date>2020-07-27T15:21:51</date>
  <millis>1595852511925</millis>
  <sequence>25</sequence>
  <logger>Server</logger>
  <level>INFO</level>
  <class>Server</class>
  <method>process</method>
  <thread>1</thread>
  <message>Данные клиента: 
Имя комманды: login
Параметр: q q

Билет: null</message>
</record>
<record>
  <date>2020-07-27T15:21:51</date>
  <millis>1595852511927</millis>
  <sequence>26</sequence>
  <logger>Server</logger>
  <level>FINE</level>
  <class>Server</class>
  <method>process</method>
  <thread>1</thread>
  <message>Ожидание команды от клиента</message>
</record>
<record>
  <date>2020-07-27T15:21:51</date>
  <millis>1595852511933</millis>
  <sequence>27</sequence>
  <logger>Server</logger>
  <level>INFO</level>
  <class>Server</class>
  <method>process</method>
  <thread>1</thread>
  <message>Данные клиента: 
Имя комманды: Show
Параметр: null
Билет: null</message>
</record>
<record>
  <date>2020-07-27T15:21:51</date>
  <millis>1595852511933</millis>
  <sequence>28</sequence>
  <logger>Server</logger>
  <level>FINE</level>
  <class>Server</class>
  <method>process</method>
  <thread>1</thread>
  <message>Ожидание команды от клиента</message>
</record>
<record>
  <date>2020-07-27T18:16:25</date>
  <millis>1595862985163</millis>
  <sequence>29</sequence>
  <logger>Server</logger>
  <level>INFO</level>
  <class>Server</class>
  <method>process</method>
  <thread>1</thread>
  <message>Данные клиента: 
Имя комманды: login
Параметр: q q

Билет: null</message>
</record>
<record>
  <date>2020-07-27T18:16:25</date>
  <millis>1595862985164</millis>
  <sequence>30</sequence>
  <logger>Server</logger>
  <level>FINE</level>
  <class>Server</class>
  <method>process</method>
  <thread>1</thread>
  <message>Ожидание команды от клиента</message>
</record>
<record>
  <date>2020-07-27T18:16:25</date>
  <millis>1595862985180</millis>
  <sequence>31</sequence>
  <logger>Server</logger>
  <level>INFO</level>
  <class>Server</class>
  <method>process</method>
  <thread>1</thread>
  <message>Данные клиента: 
Имя комманды: show
Параметр: null
Билет: null</message>
</record>
<record>
  <date>2020-07-27T18:16:25</date>
  <millis>1595862985180</millis>
  <sequence>32</sequence>
  <logger>Server</logger>
  <level>FINE</level>
  <class>Server</class>
  <method>process</method>
  <thread>1</thread>
  <message>Ожидание команды от клиента</message>
</record>
<record>
  <date>2020-07-27T19:30:55</date>
  <millis>1595867455135</millis>
  <sequence>33</sequence>
  <logger>Server</logger>
  <level>INFO</level>
  <class>Server</class>
  <method>process</method>
  <thread>1</thread>
  <message>Данные клиента: 
Имя комманды: login
Параметр: q q

Билет: null</message>
</record>
<record>
  <date>2020-07-27T19:30:55</date>
  <millis>1595867455141</millis>
  <sequence>34</sequence>
  <logger>Server</logger>
  <level>FINE</level>
  <class>Server</class>
  <method>process</method>
  <thread>1</thread>
  <message>Ожидание команды от клиента</message>
</record>
<record>
  <date>2020-07-27T19:30:55</date>
  <millis>1595867455153</millis>
  <sequence>35</sequence>
  <logger>Server</logger>
  <level>INFO</level>
  <class>Server</class>
  <method>process</method>
  <thread>1</thread>
  <message>Данные клиента: 
Имя комманды: show
Параметр: null
Билет: null</message>
</record>
<record>
  <date>2020-07-27T19:30:55</date>
  <millis>1595867455154</millis>
  <sequence>36</sequence>
  <logger>Server</logger>
  <level>FINE</level>
  <class>Server</class>
  <method>process</method>
  <thread>1</thread>
  <message>Ожидание команды от клиента</message>
</record>
<record>
  <date>2020-07-27T19:31:16</date>
  <millis>1595867476470</millis>
  <sequence>37</sequence>
  <logger>Server</logger>
  <level>INFO</level>
  <class>Server</class>
  <method>process</method>
  <thread>1</thread>
  <message>Данные клиента: 
Имя комманды: login
Параметр: q q

Билет: null</message>
</record>
<record>
  <date>2020-07-27T19:31:16</date>
  <millis>1595867476470</millis>
  <sequence>38</sequence>
  <logger>Server</logger>
  <level>FINE</level>
  <class>Server</class>
  <method>process</method>
  <thread>1</thread>
  <message>Ожидание команды от клиента</message>
</record>
<record>
  <date>2020-07-27T19:31:16</date>
  <millis>1595867476482</millis>
  <sequence>39</sequence>
  <logger>Server</logger>
  <level>INFO</level>
  <class>Server</class>
  <method>process</method>
  <thread>1</thread>
  <message>Данные клиента: 
Имя комманды: show
Параметр: null
Билет: null</message>
</record>
<record>
  <date>2020-07-27T19:31:16</date>
  <millis>1595867476482</millis>
  <sequence>40</sequence>
  <logger>Server</logger>
  <level>FINE</level>
  <class>Server</class>
  <method>process</method>
  <thread>1</thread>
  <message>Ожидание команды от клиента</message>
</record>
<record>
  <date>2020-07-27T19:39:56</date>
  <millis>1595867996901</millis>
  <sequence>41</sequence>
  <logger>Server</logger>
  <level>INFO</level>
  <class>Server</class>
  <method>process</method>
  <thread>1</thread>
  <message>Данные клиента: 
Имя комманды: login
Параметр: q q

Билет: null</message>
</record>
<record>
  <date>2020-07-27T19:39:56</date>
  <millis>1595867996902</millis>
  <sequence>42</sequence>
  <logger>Server</logger>
  <level>FINE</level>
  <class>Server</class>
  <method>process</method>
  <thread>1</thread>
  <message>Ожидание команды от клиента</message>
</record>
<record>
  <date>2020-07-27T19:39:56</date>
  <millis>1595867996914</millis>
  <sequence>43</sequence>
  <logger>Server</logger>
  <level>INFO</level>
  <class>Server</class>
  <method>process</method>
  <thread>1</thread>
  <message>Данные клиента: 
Имя комманды: show
Параметр: null
Билет: null</message>
</record>
<record>
  <date>2020-07-27T19:39:56</date>
  <millis>1595867996914</millis>
  <sequence>44</sequence>
  <logger>Server</logger>
  <level>FINE</level>
  <class>Server</class>
  <method>process</method>
  <thread>1</thread>
  <message>Ожидание команды от клиента</message>
</record>
<record>
  <date>2020-07-27T19:40:18</date>
  <millis>1595868018696</millis>
  <sequence>45</sequence>
  <logger>Server</logger>
  <level>INFO</level>
  <class>Server</class>
  <method>process</method>
  <thread>1</thread>
  <message>Данные клиента: 
Имя комманды: login
Параметр: 1 1

Билет: null</message>
</record>
<record>
  <date>2020-07-27T19:40:18</date>
  <millis>1595868018698</millis>
  <sequence>46</sequence>
  <logger>Server</logger>
  <level>FINE</level>
  <class>Server</class>
  <method>process</method>
  <thread>1</thread>
  <message>Ожидание команды от клиента</message>
</record>
<record>
  <date>2020-07-27T19:40:23</date>
  <millis>1595868023938</millis>
  <sequence>47</sequence>
  <logger>Server</logger>
  <level>INFO</level>
  <class>Server</class>
  <method>process</method>
  <thread>1</thread>
  <message>Данные клиента: 
Имя комманды: login
Параметр: q q

Билет: null</message>
</record>
<record>
  <date>2020-07-27T19:40:23</date>
  <millis>1595868023939</millis>
  <sequence>48</sequence>
  <logger>Server</logger>
  <level>FINE</level>
  <class>Server</class>
  <method>process</method>
  <thread>1</thread>
  <message>Ожидание команды от клиента</message>
</record>
<record>
  <date>2020-07-27T19:40:23</date>
  <millis>1595868023944</millis>
  <sequence>49</sequence>
  <logger>Server</logger>
  <level>INFO</level>
  <class>Server</class>
  <method>process</method>
  <thread>1</thread>
  <message>Данные клиента: 
Имя комманды: show
Параметр: null
Билет: null</message>
</record>
<record>
  <date>2020-07-27T19:40:23</date>
  <millis>1595868023945</millis>
  <sequence>50</sequence>
  <logger>Server</logger>
  <level>FINE</level>
  <class>Server</class>
  <method>process</method>
  <thread>1</thread>
  <message>Ожидание команды от клиента</message>
</record>
<record>
  <date>2020-07-27T20:05:19</date>
  <millis>1595869519429</millis>
  <sequence>51</sequence>
  <logger>Server</logger>
  <level>INFO</level>
  <class>Server</class>
  <method>process</method>
  <thread>1</thread>
  <message>Данные клиента: 
Имя комманды: login
Параметр: q q

Билет: null</message>
</record>
<record>
  <date>2020-07-27T20:05:19</date>
  <millis>1595869519430</millis>
  <sequence>52</sequence>
  <logger>Server</logger>
  <level>FINE</level>
  <class>Server</class>
  <method>process</method>
  <thread>1</thread>
  <message>Ожидание команды от клиента</message>
</record>
<record>
  <date>2020-07-27T20:05:19</date>
  <millis>1595869519443</millis>
  <sequence>53</sequence>
  <logger>Server</logger>
  <level>INFO</level>
  <class>Server</class>
  <method>process</method>
  <thread>1</thread>
  <message>Данные клиента: 
Имя комманды: show
Параметр: null
Билет: null</message>
</record>
<record>
  <date>2020-07-27T20:05:19</date>
  <millis>1595869519443</millis>
  <sequence>54</sequence>
  <logger>Server</logger>
  <level>FINE</level>
  <class>Server</class>
  <method>process</method>
  <thread>1</thread>
  <message>Ожидание команды от клиента</message>
</record>
<record>
  <date>2020-07-27T20:06:26</date>
  <millis>1595869586954</millis>
  <sequence>55</sequence>
  <logger>Server</logger>
  <level>INFO</level>
  <class>Server</class>
  <method>process</method>
  <thread>1</thread>
  <message>Данные клиента: 
Имя комманды: login
Параметр: q q

Билет: null</message>
</record>
<record>
  <date>2020-07-27T20:06:26</date>
  <millis>1595869586955</millis>
  <sequence>56</sequence>
  <logger>Server</logger>
  <level>FINE</level>
  <class>Server</class>
  <method>process</method>
  <thread>1</thread>
  <message>Ожидание команды от клиента</message>
</record>
<record>
  <date>2020-07-27T20:06:26</date>
  <millis>1595869586967</millis>
  <sequence>57</sequence>
  <logger>Server</logger>
  <level>INFO</level>
  <class>Server</class>
  <method>process</method>
  <thread>1</thread>
  <message>Данные клиента: 
Имя комманды: show
Параметр: null
Билет: null</message>
</record>
<record>
  <date>2020-07-27T20:06:26</date>
  <millis>1595869586967</millis>
  <sequence>58</sequence>
  <logger>Server</logger>
  <level>FINE</level>
  <class>Server</class>
  <method>process</method>
  <thread>1</thread>
  <message>Ожидание команды от клиента</message>
</record>
<record>
  <date>2020-07-27T20:08:55</date>
  <millis>1595869735109</millis>
  <sequence>59</sequence>
  <logger>Server</logger>
  <level>INFO</level>
  <class>Server</class>
  <method>process</method>
  <thread>1</thread>
  <message>Данные клиента: 
Имя комманды: login
Параметр: q q

Билет: null</message>
</record>
<record>
  <date>2020-07-27T20:08:55</date>
  <millis>1595869735111</millis>
  <sequence>60</sequence>
  <logger>Server</logger>
  <level>FINE</level>
  <class>Server</class>
  <method>process</method>
  <thread>1</thread>
  <message>Ожидание команды от клиента</message>
</record>
<record>
  <date>2020-07-27T20:08:55</date>
  <millis>1595869735122</millis>
  <sequence>61</sequence>
  <logger>Server</logger>
  <level>INFO</level>
  <class>Server</class>
  <method>process</method>
  <thread>1</thread>
  <message>Данные клиента: 
Имя комманды: show
Параметр: null
Билет: null</message>
</record>
<record>
  <date>2020-07-27T20:08:55</date>
  <millis>1595869735122</millis>
  <sequence>62</sequence>
  <logger>Server</logger>
  <level>FINE</level>
  <class>Server</class>
  <method>process</method>
  <thread>1</thread>
  <message>Ожидание команды от клиента</message>
</record>
<record>
  <date>2020-07-27T20:10:11</date>
  <millis>1595869811998</millis>
  <sequence>63</sequence>
  <logger>Server</logger>
  <level>INFO</level>
  <class>Server</class>
  <method>process</method>
  <thread>1</thread>
  <message>Данные клиента: 
Имя комманды: login
Параметр: q q

Билет: null</message>
</record>
<record>
  <date>2020-07-27T20:10:12</date>
  <millis>1595869812012</millis>
  <sequence>64</sequence>
  <logger>Server</logger>
  <level>FINE</level>
  <class>Server</class>
  <method>process</method>
  <thread>1</thread>
  <message>Ожидание команды от клиента</message>
</record>
<record>
  <date>2020-07-27T20:10:12</date>
  <millis>1595869812023</millis>
  <sequence>65</sequence>
  <logger>Server</logger>
  <level>INFO</level>
  <class>Server</class>
  <method>process</method>
  <thread>1</thread>
  <message>Данные клиента: 
Имя комманды: show
Параметр: null
Билет: null</message>
</record>
<record>
  <date>2020-07-27T20:10:12</date>
  <millis>1595869812023</millis>
  <sequence>66</sequence>
  <logger>Server</logger>
  <level>FINE</level>
  <class>Server</class>
  <method>process</method>
  <thread>1</thread>
  <message>Ожидание команды от клиента</message>
</record>
<record>
  <date>2020-07-27T23:45:01</date>
  <millis>1595882701771</millis>
  <sequence>67</sequence>
  <logger>Server</logger>
  <level>INFO</level>
  <class>Server</class>
  <method>process</method>
  <thread>1</thread>
  <message>Данные клиента: 
Имя комманды: login
Параметр: q q

Билет: null</message>
</record>
<record>
  <date>2020-07-27T23:45:01</date>
  <millis>1595882701776</millis>
  <sequence>68</sequence>
  <logger>Server</logger>
  <level>FINE</level>
  <class>Server</class>
  <method>process</method>
  <thread>1</thread>
  <message>Ожидание команды от клиента</message>
</record>
<record>
  <date>2020-07-27T23:45:01</date>
  <millis>1595882701823</millis>
  <sequence>69</sequence>
  <logger>Server</logger>
  <level>INFO</level>
  <class>Server</class>
  <method>process</method>
  <thread>1</thread>
  <message>Данные клиента: 
Имя комманды: show
Параметр: null
Билет: null</message>
</record>
<record>
  <date>2020-07-27T23:45:01</date>
  <millis>1595882701825</millis>
  <sequence>70</sequence>
  <logger>Server</logger>
  <level>FINE</level>
  <class>Server</class>
  <method>process</method>
  <thread>1</thread>
  <message>Ожидание команды от клиента</message>
</record>
<record>
  <date>2020-07-28T13:46:07</date>
  <millis>1595933167895</millis>
  <sequence>71</sequence>
  <logger>Server</logger>
  <level>INFO</level>
  <class>Server</class>
  <method>process</method>
  <thread>1</thread>
  <message>Данные клиента: 
Имя комманды: login
Параметр: q q

Билет: null</message>
</record>
<record>
  <date>2020-07-28T13:46:07</date>
  <millis>1595933167920</millis>
  <sequence>72</sequence>
  <logger>Server</logger>
  <level>FINE</level>
  <class>Server</class>
  <method>process</method>
  <thread>1</thread>
  <message>Ожидание команды от клиента</message>
</record>
<record>
  <date>2020-07-28T13:46:07</date>
  <millis>1595933167950</millis>
  <sequence>73</sequence>
  <logger>Server</logger>
  <level>INFO</level>
  <class>Server</class>
  <method>process</method>
  <thread>1</thread>
  <message>Данные клиента: 
Имя комманды: show
Параметр: null
Билет: null</message>
</record>
<record>
  <date>2020-07-28T13:46:07</date>
  <millis>1595933167952</millis>
  <sequence>74</sequence>
  <logger>Server</logger>
  <level>FINE</level>
  <class>Server</class>
  <method>process</method>
  <thread>1</thread>
  <message>Ожидание команды от клиента</message>
</record>
<record>
  <date>2020-07-28T13:52:32</date>
  <millis>1595933552983</millis>
  <sequence>75</sequence>
  <logger>Server</logger>
  <level>INFO</level>
  <class>Server</class>
  <method>process</method>
  <thread>1</thread>
  <message>Данные клиента: 
Имя комманды: login
Параметр: q q

Билет: null</message>
</record>
<record>
  <date>2020-07-28T13:52:32</date>
  <millis>1595933552996</millis>
  <sequence>76</sequence>
  <logger>Server</logger>
  <level>FINE</level>
  <class>Server</class>
  <method>process</method>
  <thread>1</thread>
  <message>Ожидание команды от клиента</message>
</record>
<record>
  <date>2020-07-28T13:52:33</date>
  <millis>1595933553044</millis>
  <sequence>77</sequence>
  <logger>Server</logger>
  <level>INFO</level>
  <class>Server</class>
  <method>process</method>
  <thread>1</thread>
  <message>Данные клиента: 
Имя комманды: show
Параметр: null
Билет: null</message>
</record>
<record>
  <date>2020-07-28T13:52:33</date>
  <millis>1595933553045</millis>
  <sequence>78</sequence>
  <logger>Server</logger>
  <level>FINE</level>
  <class>Server</class>
  <method>process</method>
  <thread>1</thread>
  <message>Ожидание команды от клиента</message>
</record>
<record>
  <date>2020-07-28T13:53:18</date>
  <millis>1595933598092</millis>
  <sequence>79</sequence>
  <logger>Server</logger>
  <level>INFO</level>
  <class>Server</class>
  <method>process</method>
  <thread>1</thread>
  <message>Данные клиента: 
Имя комманды: login
Параметр: q q

Билет: null</message>
</record>
<record>
  <date>2020-07-28T13:53:18</date>
  <millis>1595933598096</millis>
  <sequence>80</sequence>
  <logger>Server</logger>
  <level>FINE</level>
  <class>Server</class>
  <method>process</method>
  <thread>1</thread>
  <message>Ожидание команды от клиента</message>
</record>
<record>
  <date>2020-07-28T13:53:18</date>
  <millis>1595933598142</millis>
  <sequence>81</sequence>
  <logger>Server</logger>
  <level>INFO</level>
  <class>Server</class>
  <method>process</method>
  <thread>1</thread>
  <message>Данные клиента: 
Имя комманды: show
Параметр: null
Билет: null</message>
</record>
<record>
  <date>2020-07-28T13:53:18</date>
  <millis>1595933598143</millis>
  <sequence>82</sequence>
  <logger>Server</logger>
  <level>FINE</level>
  <class>Server</class>
  <method>process</method>
  <thread>1</thread>
  <message>Ожидание команды от клиента</message>
</record>
<record>
  <date>2020-07-28T13:53:46</date>
  <millis>1595933626634</millis>
  <sequence>83</sequence>
  <logger>Server</logger>
  <level>INFO</level>
  <class>Server</class>
  <method>process</method>
  <thread>1</thread>
  <message>Данные клиента: 
Имя комманды: login
Параметр: q q

Билет: null</message>
</record>
<record>
  <date>2020-07-28T13:53:46</date>
  <millis>1595933626647</millis>
  <sequence>84</sequence>
  <logger>Server</logger>
  <level>FINE</level>
  <class>Server</class>
  <method>process</method>
  <thread>1</thread>
  <message>Ожидание команды от клиента</message>
</record>
<record>
  <date>2020-07-28T13:53:46</date>
  <millis>1595933626698</millis>
  <sequence>85</sequence>
  <logger>Server</logger>
  <level>INFO</level>
  <class>Server</class>
  <method>process</method>
  <thread>1</thread>
  <message>Данные клиента: 
Имя комманды: show
Параметр: null
Билет: null</message>
</record>
<record>
  <date>2020-07-28T13:53:46</date>
  <millis>1595933626699</millis>
  <sequence>86</sequence>
  <logger>Server</logger>
  <level>FINE</level>
  <class>Server</class>
  <method>process</method>
  <thread>1</thread>
  <message>Ожидание команды от клиента</message>
</record>
<record>
  <date>2020-07-28T13:55:39</date>
  <millis>1595933739518</millis>
  <sequence>87</sequence>
  <logger>Server</logger>
  <level>INFO</level>
  <class>Server</class>
  <method>process</method>
  <thread>1</thread>
  <message>Данные клиента: 
Имя комманды: login
Параметр: q q

Билет: null</message>
</record>
<record>
  <date>2020-07-28T13:55:39</date>
  <millis>1595933739529</millis>
  <sequence>88</sequence>
  <logger>Server</logger>
  <level>FINE</level>
  <class>Server</class>
  <method>process</method>
  <thread>1</thread>
  <message>Ожидание команды от клиента</message>
</record>
<record>
  <date>2020-07-28T13:55:39</date>
  <millis>1595933739575</millis>
  <sequence>89</sequence>
  <logger>Server</logger>
  <level>INFO</level>
  <class>Server</class>
  <method>process</method>
  <thread>1</thread>
  <message>Данные клиента: 
Имя комманды: show
Параметр: null
Билет: null</message>
</record>
<record>
  <date>2020-07-28T13:55:39</date>
  <millis>1595933739576</millis>
  <sequence>90</sequence>
  <logger>Server</logger>
  <level>FINE</level>
  <class>Server</class>
  <method>process</method>
  <thread>1</thread>
  <message>Ожидание команды от клиента</message>
</record>
<record>
  <date>2020-07-28T14:34:27</date>
  <millis>1595936067225</millis>
  <sequence>91</sequence>
  <logger>Server</logger>
  <level>INFO</level>
  <class>Server</class>
  <method>process</method>
  <thread>1</thread>
  <message>Данные клиента: 
Имя комманды: login
Параметр: q q

Билет: null</message>
</record>
<record>
  <date>2020-07-28T14:34:27</date>
  <millis>1595936067239</millis>
  <sequence>92</sequence>
  <logger>Server</logger>
  <level>FINE</level>
  <class>Server</class>
  <method>process</method>
  <thread>1</thread>
  <message>Ожидание команды от клиента</message>
</record>
<record>
  <date>2020-07-28T14:34:27</date>
  <millis>1595936067296</millis>
  <sequence>93</sequence>
  <logger>Server</logger>
  <level>INFO</level>
  <class>Server</class>
  <method>process</method>
  <thread>1</thread>
  <message>Данные клиента: 
Имя комманды: show
Параметр: null
Билет: null</message>
</record>
<record>
  <date>2020-07-28T14:34:27</date>
  <millis>1595936067298</millis>
  <sequence>94</sequence>
  <logger>Server</logger>
  <level>FINE</level>
  <class>Server</class>
  <method>process</method>
  <thread>1</thread>
  <message>Ожидание команды от клиента</message>
</record>
<record>
  <date>2020-07-28T14:36:28</date>
  <millis>1595936188419</millis>
  <sequence>95</sequence>
  <logger>Server</logger>
  <level>INFO</level>
  <class>Server</class>
  <method>process</method>
  <thread>1</thread>
  <message>Данные клиента: 
Имя комманды: login
Параметр: q q

Билет: null</message>
</record>
<record>
  <date>2020-07-28T14:36:28</date>
  <millis>1595936188422</millis>
  <sequence>96</sequence>
  <logger>Server</logger>
  <level>FINE</level>
  <class>Server</class>
  <method>process</method>
  <thread>1</thread>
  <message>Ожидание команды от клиента</message>
</record>
<record>
  <date>2020-07-28T14:36:28</date>
  <millis>1595936188465</millis>
  <sequence>97</sequence>
  <logger>Server</logger>
  <level>INFO</level>
  <class>Server</class>
  <method>process</method>
  <thread>1</thread>
  <message>Данные клиента: 
Имя комманды: show
Параметр: null
Билет: null</message>
</record>
<record>
  <date>2020-07-28T14:36:28</date>
  <millis>1595936188465</millis>
  <sequence>98</sequence>
  <logger>Server</logger>
  <level>FINE</level>
  <class>Server</class>
  <method>process</method>
  <thread>1</thread>
  <message>Ожидание команды от клиента</message>
</record>
<record>
  <date>2020-07-28T14:37:16</date>
  <millis>1595936236129</millis>
  <sequence>99</sequence>
  <logger>Server</logger>
  <level>INFO</level>
  <class>Server</class>
  <method>process</method>
  <thread>1</thread>
  <message>Данные клиента: 
Имя комманды: login
Параметр: q q

Билет: null</message>
</record>
<record>
  <date>2020-07-28T14:37:16</date>
  <millis>1595936236132</millis>
  <sequence>100</sequence>
  <logger>Server</logger>
  <level>FINE</level>
  <class>Server</class>
  <method>process</method>
  <thread>1</thread>
  <message>Ожидание команды от клиента</message>
</record>
<record>
  <date>2020-07-28T14:37:16</date>
  <millis>1595936236174</millis>
  <sequence>101</sequence>
  <logger>Server</logger>
  <level>INFO</level>
  <class>Server</class>
  <method>process</method>
  <thread>1</thread>
  <message>Данные клиента: 
Имя комманды: show
Параметр: null
Билет: null</message>
</record>
<record>
  <date>2020-07-28T14:37:16</date>
  <millis>1595936236175</millis>
  <sequence>102</sequence>
  <logger>Server</logger>
  <level>FINE</level>
  <class>Server</class>
  <method>process</method>
  <thread>1</thread>
  <message>Ожидание команды от клиента</message>
</record>
<record>
  <date>2020-07-28T14:41:56</date>
  <millis>1595936516234</millis>
  <sequence>103</sequence>
  <logger>Server</logger>
  <level>INFO</level>
  <class>Server</class>
  <method>process</method>
  <thread>1</thread>
  <message>Данные клиента: 
Имя комманды: login
Параметр: q q

Билет: null</message>
</record>
<record>
  <date>2020-07-28T14:41:56</date>
  <millis>1595936516239</millis>
  <sequence>104</sequence>
  <logger>Server</logger>
  <level>FINE</level>
  <class>Server</class>
  <method>process</method>
  <thread>1</thread>
  <message>Ожидание команды от клиента</message>
</record>
<record>
  <date>2020-07-28T14:41:56</date>
  <millis>1595936516287</millis>
  <sequence>105</sequence>
  <logger>Server</logger>
  <level>INFO</level>
  <class>Server</class>
  <method>process</method>
  <thread>1</thread>
  <message>Данные клиента: 
Имя комманды: show
Параметр: null
Билет: null</message>
</record>
<record>
  <date>2020-07-28T14:41:56</date>
  <millis>1595936516288</millis>
  <sequence>106</sequence>
  <logger>Server</logger>
  <level>FINE</level>
  <class>Server</class>
  <method>process</method>
  <thread>1</thread>
  <message>Ожидание команды от клиента</message>
</record>
<record>
  <date>2020-07-28T14:43:36</date>
  <millis>1595936616985</millis>
  <sequence>107</sequence>
  <logger>Server</logger>
  <level>INFO</level>
  <class>Server</class>
  <method>process</method>
  <thread>1</thread>
  <message>Данные клиента: 
Имя комманды: login
Параметр: q q

Билет: null</message>
</record>
<record>
  <date>2020-07-28T14:43:36</date>
  <millis>1595936616988</millis>
  <sequence>108</sequence>
  <logger>Server</logger>
  <level>FINE</level>
  <class>Server</class>
  <method>process</method>
  <thread>1</thread>
  <message>Ожидание команды от клиента</message>
</record>
<record>
  <date>2020-07-28T14:43:37</date>
  <millis>1595936617030</millis>
  <sequence>109</sequence>
  <logger>Server</logger>
  <level>INFO</level>
  <class>Server</class>
  <method>process</method>
  <thread>1</thread>
  <message>Данные клиента: 
Имя комманды: show
Параметр: null
Билет: null</message>
</record>
<record>
  <date>2020-07-28T14:43:37</date>
  <millis>1595936617031</millis>
  <sequence>110</sequence>
  <logger>Server</logger>
  <level>FINE</level>
  <class>Server</class>
  <method>process</method>
  <thread>1</thread>
  <message>Ожидание команды от клиента</message>
</record>
<record>
  <date>2020-07-28T14:52:31</date>
  <millis>1595937151838</millis>
  <sequence>111</sequence>
  <logger>Server</logger>
  <level>INFO</level>
  <class>Server</class>
  <method>process</method>
  <thread>1</thread>
  <message>Данные клиента: 
Имя комманды: login
Параметр: q q

Билет: null</message>
</record>
<record>
  <date>2020-07-28T14:52:31</date>
  <millis>1595937151842</millis>
  <sequence>112</sequence>
  <logger>Server</logger>
  <level>FINE</level>
  <class>Server</class>
  <method>process</method>
  <thread>1</thread>
  <message>Ожидание команды от клиента</message>
</record>
<record>
  <date>2020-07-28T14:52:31</date>
  <millis>1595937151884</millis>
  <sequence>113</sequence>
  <logger>Server</logger>
  <level>INFO</level>
  <class>Server</class>
  <method>process</method>
  <thread>1</thread>
  <message>Данные клиента: 
Имя комманды: show
Параметр: null
Билет: null</message>
</record>
<record>
  <date>2020-07-28T14:52:31</date>
  <millis>1595937151885</millis>
  <sequence>114</sequence>
  <logger>Server</logger>
  <level>FINE</level>
  <class>Server</class>
  <method>process</method>
  <thread>1</thread>
  <message>Ожидание команды от клиента</message>
</record>
<record>
  <date>2020-07-28T14:56:44</date>
  <millis>1595937404200</millis>
  <sequence>115</sequence>
  <logger>Server</logger>
  <level>INFO</level>
  <class>Server</class>
  <method>process</method>
  <thread>1</thread>
  <message>Данные клиента: 
Имя комманды: login
Параметр: q q

Билет: null</message>
</record>
<record>
  <date>2020-07-28T14:56:44</date>
  <millis>1595937404205</millis>
  <sequence>116</sequence>
  <logger>Server</logger>
  <level>FINE</level>
  <class>Server</class>
  <method>process</method>
  <thread>1</thread>
  <message>Ожидание команды от клиента</message>
</record>
<record>
  <date>2020-07-28T14:56:44</date>
  <millis>1595937404262</millis>
  <sequence>117</sequence>
  <logger>Server</logger>
  <level>INFO</level>
  <class>Server</class>
  <method>process</method>
  <thread>1</thread>
  <message>Данные клиента: 
Имя комманды: show
Параметр: null
Билет: null</message>
</record>
<record>
  <date>2020-07-28T14:56:44</date>
  <millis>1595937404263</millis>
  <sequence>118</sequence>
  <logger>Server</logger>
  <level>FINE</level>
  <class>Server</class>
  <method>process</method>
  <thread>1</thread>
  <message>Ожидание команды от клиента</message>
</record>
<record>
  <date>2020-07-28T15:02:34</date>
  <millis>1595937754789</millis>
  <sequence>119</sequence>
  <logger>Server</logger>
  <level>INFO</level>
  <class>Server</class>
  <method>process</method>
  <thread>1</thread>
  <message>Данные клиента: 
Имя комманды: login
Параметр: q q

Билет: null</message>
</record>
<record>
  <date>2020-07-28T15:02:34</date>
  <millis>1595937754792</millis>
  <sequence>120</sequence>
  <logger>Server</logger>
  <level>FINE</level>
  <class>Server</class>
  <method>process</method>
  <thread>1</thread>
  <message>Ожидание команды от клиента</message>
</record>
<record>
  <date>2020-07-28T15:02:34</date>
  <millis>1595937754823</millis>
  <sequence>121</sequence>
  <logger>Server</logger>
  <level>INFO</level>
  <class>Server</class>
  <method>process</method>
  <thread>1</thread>
  <message>Данные клиента: 
Имя комманды: show
Параметр: null
Билет: null</message>
</record>
<record>
  <date>2020-07-28T15:02:34</date>
  <millis>1595937754824</millis>
  <sequence>122</sequence>
  <logger>Server</logger>
  <level>FINE</level>
  <class>Server</class>
  <method>process</method>
  <thread>1</thread>
  <message>Ожидание команды от клиента</message>
</record>
<record>
  <date>2020-07-28T15:03:17</date>
  <millis>1595937797644</millis>
  <sequence>123</sequence>
  <logger>Server</logger>
  <level>INFO</level>
  <class>Server</class>
  <method>process</method>
  <thread>1</thread>
  <message>Данные клиента: 
Имя комманды: login
Параметр: q q

Билет: null</message>
</record>
<record>
  <date>2020-07-28T15:03:17</date>
  <millis>1595937797648</millis>
  <sequence>124</sequence>
  <logger>Server</logger>
  <level>FINE</level>
  <class>Server</class>
  <method>process</method>
  <thread>1</thread>
  <message>Ожидание команды от клиента</message>
</record>
<record>
  <date>2020-07-28T15:03:17</date>
  <millis>1595937797696</millis>
  <sequence>125</sequence>
  <logger>Server</logger>
  <level>INFO</level>
  <class>Server</class>
  <method>process</method>
  <thread>1</thread>
  <message>Данные клиента: 
Имя комманды: show
Параметр: null
Билет: null</message>
</record>
<record>
  <date>2020-07-28T15:03:17</date>
  <millis>1595937797698</millis>
  <sequence>126</sequence>
  <logger>Server</logger>
  <level>FINE</level>
  <class>Server</class>
  <method>process</method>
  <thread>1</thread>
  <message>Ожидание команды от клиента</message>
</record>
<record>
  <date>2020-07-28T15:06:42</date>
  <millis>1595938002480</millis>
  <sequence>127</sequence>
  <logger>Server</logger>
  <level>INFO</level>
  <class>Server</class>
  <method>process</method>
  <thread>1</thread>
  <message>Данные клиента: 
Имя комманды: login
Параметр: q q

Билет: null</message>
</record>
<record>
  <date>2020-07-28T15:06:42</date>
  <millis>1595938002486</millis>
  <sequence>128</sequence>
  <logger>Server</logger>
  <level>FINE</level>
  <class>Server</class>
  <method>process</method>
  <thread>1</thread>
  <message>Ожидание команды от клиента</message>
</record>
<record>
  <date>2020-07-28T15:06:42</date>
  <millis>1595938002528</millis>
  <sequence>129</sequence>
  <logger>Server</logger>
  <level>INFO</level>
  <class>Server</class>
  <method>process</method>
  <thread>1</thread>
  <message>Данные клиента: 
Имя комманды: show
Параметр: null
Билет: null</message>
</record>
<record>
  <date>2020-07-28T15:06:42</date>
  <millis>1595938002529</millis>
  <sequence>130</sequence>
  <logger>Server</logger>
  <level>FINE</level>
  <class>Server</class>
  <method>process</method>
  <thread>1</thread>
  <message>Ожидание команды от клиента</message>
</record>
<record>
  <date>2020-07-28T15:06:44</date>
  <millis>1595938004743</millis>
  <sequence>131</sequence>
  <logger>Server</logger>
  <level>INFO</level>
  <class>Server</class>
  <method>process</method>
  <thread>1</thread>
  <message>Данные клиента: 
Имя комманды: login
Параметр: q q

Билет: null</message>
</record>
<record>
  <date>2020-07-28T15:06:44</date>
  <millis>1595938004747</millis>
  <sequence>132</sequence>
  <logger>Server</logger>
  <level>FINE</level>
  <class>Server</class>
  <method>process</method>
  <thread>1</thread>
  <message>Ожидание команды от клиента</message>
</record>
<record>
  <date>2020-07-28T15:06:44</date>
  <millis>1595938004749</millis>
  <sequence>133</sequence>
  <logger>Server</logger>
  <level>INFO</level>
  <class>Server</class>
  <method>process</method>
  <thread>1</thread>
  <message>Данные клиента: 
Имя комманды: show
Параметр: null
Билет: null</message>
</record>
<record>
  <date>2020-07-28T15:06:44</date>
  <millis>1595938004750</millis>
  <sequence>134</sequence>
  <logger>Server</logger>
  <level>FINE</level>
  <class>Server</class>
  <method>process</method>
  <thread>1</thread>
  <message>Ожидание команды от клиента</message>
</record>
<record>
  <date>2020-07-28T15:08:17</date>
  <millis>1595938097570</millis>
  <sequence>135</sequence>
  <logger>Server</logger>
  <level>INFO</level>
  <class>Server</class>
  <method>process</method>
  <thread>1</thread>
  <message>Данные клиента: 
Имя комманды: login
Параметр: q q

Билет: null</message>
</record>
<record>
  <date>2020-07-28T15:08:17</date>
  <millis>1595938097574</millis>
  <sequence>136</sequence>
  <logger>Server</logger>
  <level>FINE</level>
  <class>Server</class>
  <method>process</method>
  <thread>1</thread>
  <message>Ожидание команды от клиента</message>
</record>
<record>
  <date>2020-07-28T15:08:17</date>
  <millis>1595938097620</millis>
  <sequence>137</sequence>
  <logger>Server</logger>
  <level>INFO</level>
  <class>Server</class>
  <method>process</method>
  <thread>1</thread>
  <message>Данные клиента: 
Имя комманды: show
Параметр: null
Билет: null</message>
</record>
<record>
  <date>2020-07-28T15:08:17</date>
  <millis>1595938097622</millis>
  <sequence>138</sequence>
  <logger>Server</logger>
  <level>FINE</level>
  <class>Server</class>
  <method>process</method>
  <thread>1</thread>
  <message>Ожидание команды от клиента</message>
</record>
<record>
  <date>2020-07-28T15:09:06</date>
  <millis>1595938146777</millis>
  <sequence>139</sequence>
  <logger>Server</logger>
  <level>INFO</level>
  <class>Server</class>
  <method>process</method>
  <thread>1</thread>
  <message>Данные клиента: 
Имя комманды: login
Параметр: q q

Билет: null</message>
</record>
<record>
  <date>2020-07-28T15:09:06</date>
  <millis>1595938146779</millis>
  <sequence>140</sequence>
  <logger>Server</logger>
  <level>FINE</level>
  <class>Server</class>
  <method>process</method>
  <thread>1</thread>
  <message>Ожидание команды от клиента</message>
</record>
<record>
  <date>2020-07-28T15:09:06</date>
  <millis>1595938146806</millis>
  <sequence>141</sequence>
  <logger>Server</logger>
  <level>INFO</level>
  <class>Server</class>
  <method>process</method>
  <thread>1</thread>
  <message>Данные клиента: 
Имя комманды: show
Параметр: null
Билет: null</message>
</record>
<record>
  <date>2020-07-28T15:09:06</date>
  <millis>1595938146806</millis>
  <sequence>142</sequence>
  <logger>Server</logger>
  <level>FINE</level>
  <class>Server</class>
  <method>process</method>
  <thread>1</thread>
  <message>Ожидание команды от клиента</message>
</record>
<record>
  <date>2020-07-28T15:09:34</date>
  <millis>1595938174490</millis>
  <sequence>143</sequence>
  <logger>Server</logger>
  <level>INFO</level>
  <class>Server</class>
  <method>process</method>
  <thread>1</thread>
  <message>Данные клиента: 
Имя комманды: login
Параметр: q q

Билет: null</message>
</record>
<record>
  <date>2020-07-28T15:09:34</date>
  <millis>1595938174492</millis>
  <sequence>144</sequence>
  <logger>Server</logger>
  <level>FINE</level>
  <class>Server</class>
  <method>process</method>
  <thread>1</thread>
  <message>Ожидание команды от клиента</message>
</record>
<record>
  <date>2020-07-28T15:09:34</date>
  <millis>1595938174534</millis>
  <sequence>145</sequence>
  <logger>Server</logger>
  <level>INFO</level>
  <class>Server</class>
  <method>process</method>
  <thread>1</thread>
  <message>Данные клиента: 
Имя комманды: show
Параметр: null
Билет: null</message>
</record>
<record>
  <date>2020-07-28T15:09:34</date>
  <millis>1595938174535</millis>
  <sequence>146</sequence>
  <logger>Server</logger>
  <level>FINE</level>
  <class>Server</class>
  <method>process</method>
  <thread>1</thread>
  <message>Ожидание команды от клиента</message>
</record>
