<?xml version="1.0" encoding="UTF-8" standalone="no"?>
<!DOCTYPE log SYSTEM "logger.dtd">
<log>
<record>
  <date>2020-06-04T05:21:00</date>
  <millis>1591237260721</millis>
  <sequence>0</sequence>
  <logger>Server</logger>
  <level>FINE</level>
  <class>Server</class>
  <method>process</method>
  <thread>1</thread>
  <message>Ожидание команды от клиента</message>
</record>
<record>
  <date>2020-06-04T05:21:10</date>
  <millis>1591237270017</millis>
  <sequence>1</sequence>
  <logger>Server</logger>
  <level>INFO</level>
  <class>Server</class>
  <method>process</method>
  <thread>1</thread>
  <message>Данные клиента: 
Имя комманды: help
Параметр: null
Билет: null</message>
</record>
<record>
  <date>2020-06-04T05:21:10</date>
  <millis>1591237270022</millis>
  <sequence>2</sequence>
  <logger>Server</logger>
  <level>FINE</level>
  <class>Server</class>
  <method>process</method>
  <thread>1</thread>
  <message>Ожидание команды от клиента</message>
</record>
<record>
  <date>2020-06-04T05:21:18</date>
  <millis>1591237278160</millis>
  <sequence>3</sequence>
  <logger>Server</logger>
  <level>INFO</level>
  <class>Server</class>
  <method>process</method>
  <thread>1</thread>
  <message>Данные клиента: 
Имя комманды: history
Параметр: null
Билет: null</message>
</record>
<record>
  <date>2020-06-04T05:21:18</date>
  <millis>1591237278164</millis>
  <sequence>4</sequence>
  <logger>Server</logger>
  <level>FINE</level>
  <class>Server</class>
  <method>process</method>
  <thread>1</thread>
  <message>Ожидание команды от клиента</message>
</record>
<record>
  <date>2020-06-04T05:21:29</date>
  <millis>1591237289076</millis>
  <sequence>5</sequence>
  <logger>Server</logger>
  <level>INFO</level>
  <class>Server</class>
  <method>process</method>
  <thread>1</thread>
  <message>Данные клиента: 
Имя комманды: history
Параметр: null
Билет: null</message>
</record>
<record>
  <date>2020-06-04T05:21:29</date>
  <millis>1591237289076</millis>
  <sequence>6</sequence>
  <logger>Server</logger>
  <level>FINE</level>
  <class>Server</class>
  <method>process</method>
  <thread>1</thread>
  <message>Ожидание команды от клиента</message>
</record>
<record>
  <date>2020-06-04T05:23:33</date>
  <millis>1591237413924</millis>
  <sequence>7</sequence>
  <logger>Server</logger>
  <level>INFO</level>
  <class>Server</class>
  <method>process</method>
  <thread>1</thread>
  <message>Данные клиента: 
Имя комманды: info
Параметр: null
Билет: null</message>
</record>
<record>
  <date>2020-06-04T05:23:33</date>
  <millis>1591237413924</millis>
  <sequence>8</sequence>
  <logger>Server</logger>
  <level>FINE</level>
  <class>Server</class>
  <method>process</method>
  <thread>1</thread>
  <message>Ожидание команды от клиента</message>
</record>
<record>
  <date>2020-06-04T05:23:41</date>
  <millis>1591237421340</millis>
  <sequence>9</sequence>
  <logger>Server</logger>
  <level>INFO</level>
  <class>Server</class>
  <method>process</method>
  <thread>1</thread>
  <message>Данные клиента: 
Имя комманды: execute_script
Параметр: null
Билет: null</message>
</record>
<record>
  <date>2020-06-04T05:23:41</date>
  <millis>1591237421341</millis>
  <sequence>10</sequence>
  <logger>Server</logger>
  <level>FINE</level>
  <class>Server</class>
  <method>process</method>
  <thread>1</thread>
  <message>Ожидание команды от клиента</message>
</record>
<record>
  <date>2020-06-04T05:23:45</date>
  <millis>1591237425883</millis>
  <sequence>11</sequence>
  <logger>Server</logger>
  <level>INFO</level>
  <class>Server</class>
  <method>process</method>
  <thread>1</thread>
  <message>Данные клиента: 
Имя комманды: history
Параметр: null
Билет: null</message>
</record>
<record>
  <date>2020-06-04T05:23:45</date>
  <millis>1591237425884</millis>
  <sequence>12</sequence>
  <logger>Server</logger>
  <level>FINE</level>
  <class>Server</class>
  <method>process</method>
  <thread>1</thread>
  <message>Ожидание команды от клиента</message>
</record>
<record>
  <date>2020-06-04T05:26:22</date>
  <millis>1591237582687</millis>
  <sequence>13</sequence>
  <logger>Server</logger>
  <level>INFO</level>
  <class>Server</class>
  <method>process</method>
  <thread>1</thread>
  <message>Данные клиента: 
Имя комманды: show
Параметр: null
Билет: null</message>
</record>
<record>
  <date>2020-06-04T05:26:22</date>
  <millis>1591237582696</millis>
  <sequence>14</sequence>
  <logger>Server</logger>
  <level>FINE</level>
  <class>Server</class>
  <method>process</method>
  <thread>1</thread>
  <message>Ожидание команды от клиента</message>
</record>
<record>
  <date>2020-06-04T05:26:28</date>
  <millis>1591237588441</millis>
  <sequence>15</sequence>
  <logger>Server</logger>
  <level>INFO</level>
  <class>Server</class>
  <method>process</method>
  <thread>1</thread>
  <message>Данные клиента: 
Имя комманды: history
Параметр: null
Билет: null</message>
</record>
<record>
  <date>2020-06-04T05:26:28</date>
  <millis>1591237588442</millis>
  <sequence>16</sequence>
  <logger>Server</logger>
  <level>FINE</level>
  <class>Server</class>
  <method>process</method>
  <thread>1</thread>
  <message>Ожидание команды от клиента</message>
</record>
<record>
  <date>2020-06-04T05:31:05</date>
  <millis>1591237865785</millis>
  <sequence>17</sequence>
  <logger>Server</logger>
  <level>INFO</level>
  <class>Server</class>
  <method>process</method>
  <thread>1</thread>
  <message>Данные клиента: 
Имя комманды: help
Параметр: null
Билет: null</message>
</record>
<record>
  <date>2020-06-04T05:31:05</date>
  <millis>1591237865786</millis>
  <sequence>18</sequence>
  <logger>Server</logger>
  <level>FINE</level>
  <class>Server</class>
  <method>process</method>
  <thread>1</thread>
  <message>Ожидание команды от клиента</message>
</record>
