<?xml version="1.0" encoding="UTF-8" standalone="no"?>
<!DOCTYPE log SYSTEM "logger.dtd">
<log>
<record>
  <date>2020-06-05T03:35:09</date>
  <millis>1591317309995</millis>
  <sequence>0</sequence>
  <logger>Server</logger>
  <level>FINE</level>
  <class>Server</class>
  <method>process</method>
  <thread>1</thread>
  <message>Ожидание команды от клиента</message>
</record>
<record>
  <date>2020-06-05T03:35:23</date>
  <millis>1591317323343</millis>
  <sequence>1</sequence>
  <logger>Server</logger>
  <level>INFO</level>
  <class>Server</class>
  <method>process</method>
  <thread>1</thread>
  <message>Данные клиента: 
Имя комманды: show
Параметр: null
Билет: null</message>
</record>
<record>
  <date>2020-06-05T03:35:23</date>
  <millis>1591317323350</millis>
  <sequence>2</sequence>
  <logger>Server</logger>
  <level>FINE</level>
  <class>Server</class>
  <method>process</method>
  <thread>1</thread>
  <message>Ожидание команды от клиента</message>
</record>
